<?xml version="1.0" encoding="UTF-8"?>
<!-- Generated by org.testng.reporters.JUnitXMLReporter -->
<testsuite ignored="0" hostname="DESKTOP-CA9SH48" failures="1" tests="3" name="SampleTest" time="45.063" errors="0" timestamp="2022-02-04T03:04:16 GMT-08:00">
  <testcase classname="demo.demo.SignUp" name="TestMethod" time="13.068"/>
  <testcase classname="demo.demo.Loginsuccess" name="TestMethod" time="12.836"/>
  <testcase classname="demo.demo.AddProducttoCart" name="TestMethod" time="19.052">
    <failure type="java.lang.AssertionError" message="expected [Welcome javed123456] but found [Thank you for your purchase!]">
      <![CDATA[java.lang.AssertionError: expected [Welcome javed123456] but found [Thank you for your purchase!]
at demo.demo.AddProducttoCart.TestMethod(AddProducttoCart.java:64)
at java.base/java.util.ArrayList.forEach(ArrayList.java:1511)
... Removed 33 stack frames]]>
    </failure>
  </testcase> <!-- TestMethod -->
</testsuite> <!-- SampleTest -->
